<?xml version="1.0" encoding="UTF-8"?>
<!-- Generated by org.testng.reporters.JUnitReportReporter -->
<testsuite skipped="0" hostname="LAPTOP-FGV6AHHK" name="Pratice.First" tests="2" failures="0" timestamp="11 Mar 2021 06:24:24 GMT" time="2.684" errors="1">
  <testcase name="close" time="0.006" classname="Pratice.First">
    <error type="java.lang.StackOverflowError">
      <![CDATA[java.lang.StackOverflowError
at Pratice.First.close(First.java:15)
at Pratice.First.close(First.java:15)
at Pratice.First.close(First.java:15)
at Pratice.First.close(First.java:15)
at Pratice.First.close(First.java:15)
at Pratice.First.close(First.java:15)
at Pratice.First.close(First.java:15)
at Pratice.First.close(First.java:15)
at Pratice.First.close(First.java:15)
at Pratice.First.close(First.java:15)
at Pratice.First.close(First.java:15)
at Pratice.First.close(First.java:15)
at Pratice.First.close(First.java:15)
at Pratice.First.close(First.java:15)
at Pratice.First.close(First.java:15)
at Pratice.First.close(First.java:15)
at Pratice.First.close(First.java:15)
at Pratice.First.close(First.java:15)
at Pratice.First.close(First.java:15)
at Pratice.First.close(First.java:15)
at Pratice.First.close(First.java:15)
at Pratice.First.close(First.java:15)
at Pratice.First.close(First.java:15)
at Pratice.First.close(First.java:15)
at Pratice.First.close(First.java:15)
at Pratice.First.close(First.java:15)
at Pratice.First.close(First.java:15)
at Pratice.First.close(First.java:15)
at Pratice.First.close(First.java:15)
at Pratice.First.close(First.java:15)
at Pratice.First.close(First.java:15)
at Pratice.First.close(First.java:15)
at Pratice.First.close(First.java:15)
at Pratice.First.close(First.java:15)
at Pratice.First.close(First.java:15)
at Pratice.First.close(First.java:15)
at Pratice.First.close(First.java:15)
at Pratice.First.close(First.java:15)
at Pratice.First.close(First.java:15)
at Pratice.First.close(First.java:15)
at Pratice.First.close(First.java:15)
at Pratice.First.close(First.java:15)
at Pratice.First.close(First.java:15)
at Pratice.First.close(First.java:15)
at Pratice.First.close(First.java:15)
at Pratice.First.close(First.java:15)
at Pratice.First.close(First.java:15)
at Pratice.First.close(First.java:15)
at Pratice.First.close(First.java:15)
at Pratice.First.close(First.java:15)
at Pratice.First.close(First.java:15)
at Pratice.First.close(First.java:15)
at Pratice.First.close(First.java:15)
at Pratice.First.close(First.java:15)
at Pratice.First.close(First.java:15)
at Pratice.First.close(First.java:15)
at Pratice.First.close(First.java:15)
at Pratice.First.close(First.java:15)
at Pratice.First.close(First.java:15)
at Pratice.First.close(First.java:15)
at Pratice.First.close(First.java:15)
at Pratice.First.close(First.java:15)
at Pratice.First.close(First.java:15)
at Pratice.First.close(First.java:15)
at Pratice.First.close(First.java:15)
at Pratice.First.close(First.java:15)
at Pratice.First.close(First.java:15)
at Pratice.First.close(First.java:15)
at Pratice.First.close(First.java:15)
at Pratice.First.close(First.java:15)
at Pratice.First.close(First.java:15)
at Pratice.First.close(First.java:15)
at Pratice.First.close(First.java:15)
at Pratice.First.close(First.java:15)
at Pratice.First.close(First.java:15)
at Pratice.First.close(First.java:15)
at Pratice.First.close(First.java:15)
at Pratice.First.close(First.java:15)
at Pratice.First.close(First.java:15)
at Pratice.First.close(First.java:15)
at Pratice.First.close(First.java:15)
at Pratice.First.close(First.java:15)
at Pratice.First.close(First.java:15)
at Pratice.First.close(First.java:15)
at Pratice.First.close(First.java:15)
at Pratice.First.close(First.java:15)
at Pratice.First.close(First.java:15)
at Pratice.First.close(First.java:15)
at Pratice.First.close(First.java:15)
at Pratice.First.close(First.java:15)
at Pratice.First.close(First.java:15)
at Pratice.First.close(First.java:15)
at Pratice.First.close(First.java:15)
at Pratice.First.close(First.java:15)
at Pratice.First.close(First.java:15)
at Pratice.First.close(First.java:15)
at Pratice.First.close(First.java:15)
at Pratice.First.close(First.java:15)
at Pratice.First.close(First.java:15)
at Pratice.First.close(First.java:15)
at Pratice.First.close(First.java:15)
at Pratice.First.close(First.java:15)
at Pratice.First.close(First.java:15)
at Pratice.First.close(First.java:15)
at Pratice.First.close(First.java:15)
at Pratice.First.close(First.java:15)
at Pratice.First.close(First.java:15)
at Pratice.First.close(First.java:15)
at Pratice.First.close(First.java:15)
at Pratice.First.close(First.java:15)
at Pratice.First.close(First.java:15)
at Pratice.First.close(First.java:15)
at Pratice.First.close(First.java:15)
at Pratice.First.close(First.java:15)
at Pratice.First.close(First.java:15)
at Pratice.First.close(First.java:15)
at Pratice.First.close(First.java:15)
at Pratice.First.close(First.java:15)
at Pratice.First.close(First.java:15)
at Pratice.First.close(First.java:15)
at Pratice.First.close(First.java:15)
at Pratice.First.close(First.java:15)
at Pratice.First.close(First.java:15)
at Pratice.First.close(First.java:15)
at Pratice.First.close(First.java:15)
at Pratice.First.close(First.java:15)
at Pratice.First.close(First.java:15)
at Pratice.First.close(First.java:15)
at Pratice.First.close(First.java:15)
at Pratice.First.close(First.java:15)
at Pratice.First.close(First.java:15)
at Pratice.First.close(First.java:15)
at Pratice.First.close(First.java:15)
at Pratice.First.close(First.java:15)
at Pratice.First.close(First.java:15)
at Pratice.First.close(First.java:15)
at Pratice.First.close(First.java:15)
at Pratice.First.close(First.java:15)
at Pratice.First.close(First.java:15)
at Pratice.First.close(First.java:15)
at Pratice.First.close(First.java:15)
at Pratice.First.close(First.java:15)
at Pratice.First.close(First.java:15)
at Pratice.First.close(First.java:15)
at Pratice.First.close(First.java:15)
at Pratice.First.close(First.java:15)
at Pratice.First.close(First.java:15)
at Pratice.First.close(First.java:15)
at Pratice.First.close(First.java:15)
at Pratice.First.close(First.java:15)
at Pratice.First.close(First.java:15)
at Pratice.First.close(First.java:15)
at Pratice.First.close(First.java:15)
at Pratice.First.close(First.java:15)
at Pratice.First.close(First.java:15)
at Pratice.First.close(First.java:15)
at Pratice.First.close(First.java:15)
at Pratice.First.close(First.java:15)
at Pratice.First.close(First.java:15)
at Pratice.First.close(First.java:15)
at Pratice.First.close(First.java:15)
at Pratice.First.close(First.java:15)
at Pratice.First.close(First.java:15)
at Pratice.First.close(First.java:15)
at Pratice.First.close(First.java:15)
at Pratice.First.close(First.java:15)
at Pratice.First.close(First.java:15)
at Pratice.First.close(First.java:15)
at Pratice.First.close(First.java:15)
at Pratice.First.close(First.java:15)
at Pratice.First.close(First.java:15)
at Pratice.First.close(First.java:15)
at Pratice.First.close(First.java:15)
at Pratice.First.close(First.java:15)
at Pratice.First.close(First.java:15)
at Pratice.First.close(First.java:15)
at Pratice.First.close(First.java:15)
at Pratice.First.close(First.java:15)
at Pratice.First.close(First.java:15)
at Pratice.First.close(First.java:15)
at Pratice.First.close(First.java:15)
at Pratice.First.close(First.java:15)
at Pratice.First.close(First.java:15)
at Pratice.First.close(First.java:15)
at Pratice.First.close(First.java:15)
at Pratice.First.close(First.java:15)
at Pratice.First.close(First.java:15)
at Pratice.First.close(First.java:15)
at Pratice.First.close(First.java:15)
at Pratice.First.close(First.java:15)
at Pratice.First.close(First.java:15)
at Pratice.First.close(First.java:15)
at Pratice.First.close(First.java:15)
at Pratice.First.close(First.java:15)
at Pratice.First.close(First.java:15)
at Pratice.First.close(First.java:15)
at Pratice.First.close(First.java:15)
at Pratice.First.close(First.java:15)
at Pratice.First.close(First.java:15)
at Pratice.First.close(First.java:15)
at Pratice.First.close(First.java:15)
at Pratice.First.close(First.java:15)
at Pratice.First.close(First.java:15)
at Pratice.First.close(First.java:15)
at Pratice.First.close(First.java:15)
at Pratice.First.close(First.java:15)
at Pratice.First.close(First.java:15)
at Pratice.First.close(First.java:15)
at Pratice.First.close(First.java:15)
at Pratice.First.close(First.java:15)
at Pratice.First.close(First.java:15)
at Pratice.First.close(First.java:15)
at Pratice.First.close(First.java:15)
at Pratice.First.close(First.java:15)
at Pratice.First.close(First.java:15)
at Pratice.First.close(First.java:15)
at Pratice.First.close(First.java:15)
at Pratice.First.close(First.java:15)
at Pratice.First.close(First.java:15)
at Pratice.First.close(First.java:15)
at Pratice.First.close(First.java:15)
at Pratice.First.close(First.java:15)
at Pratice.First.close(First.java:15)
at Pratice.First.close(First.java:15)
at Pratice.First.close(First.java:15)
at Pratice.First.close(First.java:15)
at Pratice.First.close(First.java:15)
at Pratice.First.close(First.java:15)
at Pratice.First.close(First.java:15)
at Pratice.First.close(First.java:15)
at Pratice.First.close(First.java:15)
at Pratice.First.close(First.java:15)
at Pratice.First.close(First.java:15)
at Pratice.First.close(First.java:15)
at Pratice.First.close(First.java:15)
at Pratice.First.close(First.java:15)
at Pratice.First.close(First.java:15)
at Pratice.First.close(First.java:15)
at Pratice.First.close(First.java:15)
at Pratice.First.close(First.java:15)
at Pratice.First.close(First.java:15)
at Pratice.First.close(First.java:15)
at Pratice.First.close(First.java:15)
at Pratice.First.close(First.java:15)
at Pratice.First.close(First.java:15)
at Pratice.First.close(First.java:15)
at Pratice.First.close(First.java:15)
at Pratice.First.close(First.java:15)
at Pratice.First.close(First.java:15)
at Pratice.First.close(First.java:15)
at Pratice.First.close(First.java:15)
at Pratice.First.close(First.java:15)
at Pratice.First.close(First.java:15)
at Pratice.First.close(First.java:15)
at Pratice.First.close(First.java:15)
at Pratice.First.close(First.java:15)
at Pratice.First.close(First.java:15)
at Pratice.First.close(First.java:15)
at Pratice.First.close(First.java:15)
at Pratice.First.close(First.java:15)
at Pratice.First.close(First.java:15)
at Pratice.First.close(First.java:15)
at Pratice.First.close(First.java:15)
at Pratice.First.close(First.java:15)
at Pratice.First.close(First.java:15)
at Pratice.First.close(First.java:15)
at Pratice.First.close(First.java:15)
at Pratice.First.close(First.java:15)
at Pratice.First.close(First.java:15)
at Pratice.First.close(First.java:15)
at Pratice.First.close(First.java:15)
at Pratice.First.close(First.java:15)
at Pratice.First.close(First.java:15)
at Pratice.First.close(First.java:15)
at Pratice.First.close(First.java:15)
at Pratice.First.close(First.java:15)
at Pratice.First.close(First.java:15)
at Pratice.First.close(First.java:15)
at Pratice.First.close(First.java:15)
at Pratice.First.close(First.java:15)
at Pratice.First.close(First.java:15)
at Pratice.First.close(First.java:15)
at Pratice.First.close(First.java:15)
at Pratice.First.close(First.java:15)
at Pratice.First.close(First.java:15)
at Pratice.First.close(First.java:15)
at Pratice.First.close(First.java:15)
at Pratice.First.close(First.java:15)
at Pratice.First.close(First.java:15)
at Pratice.First.close(First.java:15)
at Pratice.First.close(First.java:15)
at Pratice.First.close(First.java:15)
at Pratice.First.close(First.java:15)
at Pratice.First.close(First.java:15)
at Pratice.First.close(First.java:15)
at Pratice.First.close(First.java:15)
at Pratice.First.close(First.java:15)
at Pratice.First.close(First.java:15)
at Pratice.First.close(First.java:15)
at Pratice.First.close(First.java:15)
at Pratice.First.close(First.java:15)
at Pratice.First.close(First.java:15)
at Pratice.First.close(First.java:15)
at Pratice.First.close(First.java:15)
at Pratice.First.close(First.java:15)
at Pratice.First.close(First.java:15)
at Pratice.First.close(First.java:15)
at Pratice.First.close(First.java:15)
at Pratice.First.close(First.java:15)
at Pratice.First.close(First.java:15)
at Pratice.First.close(First.java:15)
at Pratice.First.close(First.java:15)
at Pratice.First.close(First.java:15)
at Pratice.First.close(First.java:15)
at Pratice.First.close(First.java:15)
at Pratice.First.close(First.java:15)
at Pratice.First.close(First.java:15)
at Pratice.First.close(First.java:15)
at Pratice.First.close(First.java:15)
at Pratice.First.close(First.java:15)
at Pratice.First.close(First.java:15)
at Pratice.First.close(First.java:15)
at Pratice.First.close(First.java:15)
at Pratice.First.close(First.java:15)
at Pratice.First.close(First.java:15)
at Pratice.First.close(First.java:15)
at Pratice.First.close(First.java:15)
at Pratice.First.close(First.java:15)
at Pratice.First.close(First.java:15)
at Pratice.First.close(First.java:15)
at Pratice.First.close(First.java:15)
at Pratice.First.close(First.java:15)
at Pratice.First.close(First.java:15)
at Pratice.First.close(First.java:15)
at Pratice.First.close(First.java:15)
at Pratice.First.close(First.java:15)
at Pratice.First.close(First.java:15)
at Pratice.First.close(First.java:15)
at Pratice.First.close(First.java:15)
at Pratice.First.close(First.java:15)
at Pratice.First.close(First.java:15)
at Pratice.First.close(First.java:15)
at Pratice.First.close(First.java:15)
at Pratice.First.close(First.java:15)
at Pratice.First.close(First.java:15)
at Pratice.First.close(First.java:15)
at Pratice.First.close(First.java:15)
at Pratice.First.close(First.java:15)
at Pratice.First.close(First.java:15)
at Pratice.First.close(First.java:15)
at Pratice.First.close(First.java:15)
at Pratice.First.close(First.java:15)
at Pratice.First.close(First.java:15)
at Pratice.First.close(First.java:15)
at Pratice.First.close(First.java:15)
at Pratice.First.close(First.java:15)
at Pratice.First.close(First.java:15)
at Pratice.First.close(First.java:15)
at Pratice.First.close(First.java:15)
at Pratice.First.close(First.java:15)
at Pratice.First.close(First.java:15)
at Pratice.First.close(First.java:15)
at Pratice.First.close(First.java:15)
at Pratice.First.close(First.java:15)
at Pratice.First.close(First.java:15)
at Pratice.First.close(First.java:15)
at Pratice.First.close(First.java:15)
at Pratice.First.close(First.java:15)
at Pratice.First.close(First.java:15)
at Pratice.First.close(First.java:15)
at Pratice.First.close(First.java:15)
at Pratice.First.close(First.java:15)
at Pratice.First.close(First.java:15)
at Pratice.First.close(First.java:15)
at Pratice.First.close(First.java:15)
at Pratice.First.close(First.java:15)
at Pratice.First.close(First.java:15)
at Pratice.First.close(First.java:15)
at Pratice.First.close(First.java:15)
at Pratice.First.close(First.java:15)
at Pratice.First.close(First.java:15)
at Pratice.First.close(First.java:15)
at Pratice.First.close(First.java:15)
at Pratice.First.close(First.java:15)
at Pratice.First.close(First.java:15)
at Pratice.First.close(First.java:15)
at Pratice.First.close(First.java:15)
at Pratice.First.close(First.java:15)
at Pratice.First.close(First.java:15)
at Pratice.First.close(First.java:15)
at Pratice.First.close(First.java:15)
at Pratice.First.close(First.java:15)
at Pratice.First.close(First.java:15)
at Pratice.First.close(First.java:15)
at Pratice.First.close(First.java:15)
at Pratice.First.close(First.java:15)
at Pratice.First.close(First.java:15)
at Pratice.First.close(First.java:15)
at Pratice.First.close(First.java:15)
at Pratice.First.close(First.java:15)
at Pratice.First.close(First.java:15)
at Pratice.First.close(First.java:15)
at Pratice.First.close(First.java:15)
at Pratice.First.close(First.java:15)
at Pratice.First.close(First.java:15)
at Pratice.First.close(First.java:15)
at Pratice.First.close(First.java:15)
at Pratice.First.close(First.java:15)
at Pratice.First.close(First.java:15)
at Pratice.First.close(First.java:15)
at Pratice.First.close(First.java:15)
at Pratice.First.close(First.java:15)
at Pratice.First.close(First.java:15)
at Pratice.First.close(First.java:15)
at Pratice.First.close(First.java:15)
at Pratice.First.close(First.java:15)
at Pratice.First.close(First.java:15)
at Pratice.First.close(First.java:15)
at Pratice.First.close(First.java:15)
at Pratice.First.close(First.java:15)
at Pratice.First.close(First.java:15)
at Pratice.First.close(First.java:15)
at Pratice.First.close(First.java:15)
at Pratice.First.close(First.java:15)
at Pratice.First.close(First.java:15)
at Pratice.First.close(First.java:15)
at Pratice.First.close(First.java:15)
at Pratice.First.close(First.java:15)
at Pratice.First.close(First.java:15)
at Pratice.First.close(First.java:15)
at Pratice.First.close(First.java:15)
at Pratice.First.close(First.java:15)
at Pratice.First.close(First.java:15)
at Pratice.First.close(First.java:15)
at Pratice.First.close(First.java:15)
at Pratice.First.close(First.java:15)
at Pratice.First.close(First.java:15)
at Pratice.First.close(First.java:15)
at Pratice.First.close(First.java:15)
at Pratice.First.close(First.java:15)
at Pratice.First.close(First.java:15)
at Pratice.First.close(First.java:15)
at Pratice.First.close(First.java:15)
at Pratice.First.close(First.java:15)
at Pratice.First.close(First.java:15)
at Pratice.First.close(First.java:15)
at Pratice.First.close(First.java:15)
at Pratice.First.close(First.java:15)
at Pratice.First.close(First.java:15)
at Pratice.First.close(First.java:15)
at Pratice.First.close(First.java:15)
at Pratice.First.close(First.java:15)
at Pratice.First.close(First.java:15)
at Pratice.First.close(First.java:15)
at Pratice.First.close(First.java:15)
at Pratice.First.close(First.java:15)
at Pratice.First.close(First.java:15)
at Pratice.First.close(First.java:15)
at Pratice.First.close(First.java:15)
at Pratice.First.close(First.java:15)
at Pratice.First.close(First.java:15)
at Pratice.First.close(First.java:15)
at Pratice.First.close(First.java:15)
at Pratice.First.close(First.java:15)
at Pratice.First.close(First.java:15)
at Pratice.First.close(First.java:15)
at Pratice.First.close(First.java:15)
at Pratice.First.close(First.java:15)
at Pratice.First.close(First.java:15)
at Pratice.First.close(First.java:15)
at Pratice.First.close(First.java:15)
at Pratice.First.close(First.java:15)
at Pratice.First.close(First.java:15)
at Pratice.First.close(First.java:15)
at Pratice.First.close(First.java:15)
at Pratice.First.close(First.java:15)
at Pratice.First.close(First.java:15)
at Pratice.First.close(First.java:15)
at Pratice.First.close(First.java:15)
at Pratice.First.close(First.java:15)
at Pratice.First.close(First.java:15)
at Pratice.First.close(First.java:15)
at Pratice.First.close(First.java:15)
at Pratice.First.close(First.java:15)
at Pratice.First.close(First.java:15)
at Pratice.First.close(First.java:15)
at Pratice.First.close(First.java:15)
at Pratice.First.close(First.java:15)
at Pratice.First.close(First.java:15)
at Pratice.First.close(First.java:15)
at Pratice.First.close(First.java:15)
at Pratice.First.close(First.java:15)
at Pratice.First.close(First.java:15)
at Pratice.First.close(First.java:15)
at Pratice.First.close(First.java:15)
at Pratice.First.close(First.java:15)
at Pratice.First.close(First.java:15)
at Pratice.First.close(First.java:15)
at Pratice.First.close(First.java:15)
at Pratice.First.close(First.java:15)
at Pratice.First.close(First.java:15)
at Pratice.First.close(First.java:15)
at Pratice.First.close(First.java:15)
at Pratice.First.close(First.java:15)
at Pratice.First.close(First.java:15)
at Pratice.First.close(First.java:15)
at Pratice.First.close(First.java:15)
at Pratice.First.close(First.java:15)
at Pratice.First.close(First.java:15)
at Pratice.First.close(First.java:15)
at Pratice.First.close(First.java:15)
at Pratice.First.close(First.java:15)
at Pratice.First.close(First.java:15)
at Pratice.First.close(First.java:15)
at Pratice.First.close(First.java:15)
at Pratice.First.close(First.java:15)
at Pratice.First.close(First.java:15)
at Pratice.First.close(First.java:15)
at Pratice.First.close(First.java:15)
at Pratice.First.close(First.java:15)
at Pratice.First.close(First.java:15)
at Pratice.First.close(First.java:15)
at Pratice.First.close(First.java:15)
at Pratice.First.close(First.java:15)
at Pratice.First.close(First.java:15)
at Pratice.First.close(First.java:15)
at Pratice.First.close(First.java:15)
at Pratice.First.close(First.java:15)
at Pratice.First.close(First.java:15)
at Pratice.First.close(First.java:15)
at Pratice.First.close(First.java:15)
at Pratice.First.close(First.java:15)
at Pratice.First.close(First.java:15)
at Pratice.First.close(First.java:15)
at Pratice.First.close(First.java:15)
at Pratice.First.close(First.java:15)
at Pratice.First.close(First.java:15)
at Pratice.First.close(First.java:15)
at Pratice.First.close(First.java:15)
at Pratice.First.close(First.java:15)
at Pratice.First.close(First.java:15)
at Pratice.First.close(First.java:15)
at Pratice.First.close(First.java:15)
at Pratice.First.close(First.java:15)
at Pratice.First.close(First.java:15)
at Pratice.First.close(First.java:15)
at Pratice.First.close(First.java:15)
at Pratice.First.close(First.java:15)
at Pratice.First.close(First.java:15)
at Pratice.First.close(First.java:15)
at Pratice.First.close(First.java:15)
at Pratice.First.close(First.java:15)
at Pratice.First.close(First.java:15)
at Pratice.First.close(First.java:15)
at Pratice.First.close(First.java:15)
at Pratice.First.close(First.java:15)
at Pratice.First.close(First.java:15)
at Pratice.First.close(First.java:15)
at Pratice.First.close(First.java:15)
at Pratice.First.close(First.java:15)
at Pratice.First.close(First.java:15)
at Pratice.First.close(First.java:15)
at Pratice.First.close(First.java:15)
at Pratice.First.close(First.java:15)
at Pratice.First.close(First.java:15)
at Pratice.First.close(First.java:15)
at Pratice.First.close(First.java:15)
at Pratice.First.close(First.java:15)
at Pratice.First.close(First.java:15)
at Pratice.First.close(First.java:15)
at Pratice.First.close(First.java:15)
at Pratice.First.close(First.java:15)
at Pratice.First.close(First.java:15)
at Pratice.First.close(First.java:15)
at Pratice.First.close(First.java:15)
at Pratice.First.close(First.java:15)
at Pratice.First.close(First.java:15)
at Pratice.First.close(First.java:15)
at Pratice.First.close(First.java:15)
at Pratice.First.close(First.java:15)
at Pratice.First.close(First.java:15)
at Pratice.First.close(First.java:15)
at Pratice.First.close(First.java:15)
at Pratice.First.close(First.java:15)
at Pratice.First.close(First.java:15)
at Pratice.First.close(First.java:15)
at Pratice.First.close(First.java:15)
at Pratice.First.close(First.java:15)
at Pratice.First.close(First.java:15)
at Pratice.First.close(First.java:15)
at Pratice.First.close(First.java:15)
at Pratice.First.close(First.java:15)
at Pratice.First.close(First.java:15)
at Pratice.First.close(First.java:15)
at Pratice.First.close(First.java:15)
at Pratice.First.close(First.java:15)
at Pratice.First.close(First.java:15)
at Pratice.First.close(First.java:15)
at Pratice.First.close(First.java:15)
at Pratice.First.close(First.java:15)
at Pratice.First.close(First.java:15)
at Pratice.First.close(First.java:15)
at Pratice.First.close(First.java:15)
at Pratice.First.close(First.java:15)
at Pratice.First.close(First.java:15)
at Pratice.First.close(First.java:15)
at Pratice.First.close(First.java:15)
at Pratice.First.close(First.java:15)
at Pratice.First.close(First.java:15)
at Pratice.First.close(First.java:15)
at Pratice.First.close(First.java:15)
at Pratice.First.close(First.java:15)
at Pratice.First.close(First.java:15)
at Pratice.First.close(First.java:15)
at Pratice.First.close(First.java:15)
at Pratice.First.close(First.java:15)
at Pratice.First.close(First.java:15)
at Pratice.First.close(First.java:15)
at Pratice.First.close(First.java:15)
at Pratice.First.close(First.java:15)
at Pratice.First.close(First.java:15)
at Pratice.First.close(First.java:15)
at Pratice.First.close(First.java:15)
at Pratice.First.close(First.java:15)
at Pratice.First.close(First.java:15)
at Pratice.First.close(First.java:15)
at Pratice.First.close(First.java:15)
at Pratice.First.close(First.java:15)
at Pratice.First.close(First.java:15)
at Pratice.First.close(First.java:15)
at Pratice.First.close(First.java:15)
at Pratice.First.close(First.java:15)
at Pratice.First.close(First.java:15)
at Pratice.First.close(First.java:15)
at Pratice.First.close(First.java:15)
at Pratice.First.close(First.java:15)
at Pratice.First.close(First.java:15)
at Pratice.First.close(First.java:15)
at Pratice.First.close(First.java:15)
at Pratice.First.close(First.java:15)
at Pratice.First.close(First.java:15)
at Pratice.First.close(First.java:15)
at Pratice.First.close(First.java:15)
at Pratice.First.close(First.java:15)
at Pratice.First.close(First.java:15)
at Pratice.First.close(First.java:15)
at Pratice.First.close(First.java:15)
at Pratice.First.close(First.java:15)
at Pratice.First.close(First.java:15)
at Pratice.First.close(First.java:15)
at Pratice.First.close(First.java:15)
at Pratice.First.close(First.java:15)
at Pratice.First.close(First.java:15)
at Pratice.First.close(First.java:15)
at Pratice.First.close(First.java:15)
at Pratice.First.close(First.java:15)
at Pratice.First.close(First.java:15)
at Pratice.First.close(First.java:15)
at Pratice.First.close(First.java:15)
at Pratice.First.close(First.java:15)
at Pratice.First.close(First.java:15)
at Pratice.First.close(First.java:15)
at Pratice.First.close(First.java:15)
at Pratice.First.close(First.java:15)
at Pratice.First.close(First.java:15)
at Pratice.First.close(First.java:15)
at Pratice.First.close(First.java:15)
at Pratice.First.close(First.java:15)
at Pratice.First.close(First.java:15)
at Pratice.First.close(First.java:15)
at Pratice.First.close(First.java:15)
at Pratice.First.close(First.java:15)
at Pratice.First.close(First.java:15)
at Pratice.First.close(First.java:15)
at Pratice.First.close(First.java:15)
at Pratice.First.close(First.java:15)
at Pratice.First.close(First.java:15)
at Pratice.First.close(First.java:15)
at Pratice.First.close(First.java:15)
at Pratice.First.close(First.java:15)
at Pratice.First.close(First.java:15)
at Pratice.First.close(First.java:15)
at Pratice.First.close(First.java:15)
at Pratice.First.close(First.java:15)
at Pratice.First.close(First.java:15)
at Pratice.First.close(First.java:15)
at Pratice.First.close(First.java:15)
at Pratice.First.close(First.java:15)
at Pratice.First.close(First.java:15)
at Pratice.First.close(First.java:15)
at Pratice.First.close(First.java:15)
at Pratice.First.close(First.java:15)
at Pratice.First.close(First.java:15)
at Pratice.First.close(First.java:15)
at Pratice.First.close(First.java:15)
at Pratice.First.close(First.java:15)
at Pratice.First.close(First.java:15)
at Pratice.First.close(First.java:15)
at Pratice.First.close(First.java:15)
at Pratice.First.close(First.java:15)
at Pratice.First.close(First.java:15)
at Pratice.First.close(First.java:15)
at Pratice.First.close(First.java:15)
at Pratice.First.close(First.java:15)
at Pratice.First.close(First.java:15)
at Pratice.First.close(First.java:15)
at Pratice.First.close(First.java:15)
at Pratice.First.close(First.java:15)
at Pratice.First.close(First.java:15)
at Pratice.First.close(First.java:15)
at Pratice.First.close(First.java:15)
at Pratice.First.close(First.java:15)
at Pratice.First.close(First.java:15)
at Pratice.First.close(First.java:15)
at Pratice.First.close(First.java:15)
at Pratice.First.close(First.java:15)
at Pratice.First.close(First.java:15)
at Pratice.First.close(First.java:15)
at Pratice.First.close(First.java:15)
at Pratice.First.close(First.java:15)
at Pratice.First.close(First.java:15)
at Pratice.First.close(First.java:15)
at Pratice.First.close(First.java:15)
at Pratice.First.close(First.java:15)
at Pratice.First.close(First.java:15)
at Pratice.First.close(First.java:15)
at Pratice.First.close(First.java:15)
at Pratice.First.close(First.java:15)
at Pratice.First.close(First.java:15)
at Pratice.First.close(First.java:15)
at Pratice.First.close(First.java:15)
at Pratice.First.close(First.java:15)
at Pratice.First.close(First.java:15)
at Pratice.First.close(First.java:15)
at Pratice.First.close(First.java:15)
at Pratice.First.close(First.java:15)
at Pratice.First.close(First.java:15)
at Pratice.First.close(First.java:15)
at Pratice.First.close(First.java:15)
at Pratice.First.close(First.java:15)
at Pratice.First.close(First.java:15)
at Pratice.First.close(First.java:15)
at Pratice.First.close(First.java:15)
at Pratice.First.close(First.java:15)
at Pratice.First.close(First.java:15)
at Pratice.First.close(First.java:15)
at Pratice.First.close(First.java:15)
at Pratice.First.close(First.java:15)
at Pratice.First.close(First.java:15)
at Pratice.First.close(First.java:15)
at Pratice.First.close(First.java:15)
at Pratice.First.close(First.java:15)
at Pratice.First.close(First.java:15)
at Pratice.First.close(First.java:15)
at Pratice.First.close(First.java:15)
at Pratice.First.close(First.java:15)
at Pratice.First.close(First.java:15)
at Pratice.First.close(First.java:15)
at Pratice.First.close(First.java:15)
at Pratice.First.close(First.java:15)
at Pratice.First.close(First.java:15)
at Pratice.First.close(First.java:15)
at Pratice.First.close(First.java:15)
at Pratice.First.close(First.java:15)
at Pratice.First.close(First.java:15)
at Pratice.First.close(First.java:15)
at Pratice.First.close(First.java:15)
at Pratice.First.close(First.java:15)
at Pratice.First.close(First.java:15)
at Pratice.First.close(First.java:15)
at Pratice.First.close(First.java:15)
at Pratice.First.close(First.java:15)
at Pratice.First.close(First.java:15)
at Pratice.First.close(First.java:15)
at Pratice.First.close(First.java:15)
at Pratice.First.close(First.java:15)
at Pratice.First.close(First.java:15)
at Pratice.First.close(First.java:15)
at Pratice.First.close(First.java:15)
at Pratice.First.close(First.java:15)
at Pratice.First.close(First.java:15)
at Pratice.First.close(First.java:15)
at Pratice.First.close(First.java:15)
at Pratice.First.close(First.java:15)
at Pratice.First.close(First.java:15)
at Pratice.First.close(First.java:15)
at Pratice.First.close(First.java:15)
at Pratice.First.close(First.java:15)
at Pratice.First.close(First.java:15)
at Pratice.First.close(First.java:15)
at Pratice.First.close(First.java:15)
at Pratice.First.close(First.java:15)
at Pratice.First.close(First.java:15)
at Pratice.First.close(First.java:15)
at Pratice.First.close(First.java:15)
at Pratice.First.close(First.java:15)
at Pratice.First.close(First.java:15)
at Pratice.First.close(First.java:15)
at Pratice.First.close(First.java:15)
at Pratice.First.close(First.java:15)
at Pratice.First.close(First.java:15)
at Pratice.First.close(First.java:15)
at Pratice.First.close(First.java:15)
at Pratice.First.close(First.java:15)
at Pratice.First.close(First.java:15)
at Pratice.First.close(First.java:15)
at Pratice.First.close(First.java:15)
at Pratice.First.close(First.java:15)
at Pratice.First.close(First.java:15)
at Pratice.First.close(First.java:15)
at Pratice.First.close(First.java:15)
at Pratice.First.close(First.java:15)
at Pratice.First.close(First.java:15)
at Pratice.First.close(First.java:15)
at Pratice.First.close(First.java:15)
at Pratice.First.close(First.java:15)
at Pratice.First.close(First.java:15)
at Pratice.First.close(First.java:15)
at Pratice.First.close(First.java:15)
at Pratice.First.close(First.java:15)
at Pratice.First.close(First.java:15)
at Pratice.First.close(First.java:15)
at Pratice.First.close(First.java:15)
at Pratice.First.close(First.java:15)
at Pratice.First.close(First.java:15)
at Pratice.First.close(First.java:15)
at Pratice.First.close(First.java:15)
at Pratice.First.close(First.java:15)
at Pratice.First.close(First.java:15)
at Pratice.First.close(First.java:15)
at Pratice.First.close(First.java:15)
at Pratice.First.close(First.java:15)
at Pratice.First.close(First.java:15)
at Pratice.First.close(First.java:15)
at Pratice.First.close(First.java:15)
at Pratice.First.close(First.java:15)
at Pratice.First.close(First.java:15)
at Pratice.First.close(First.java:15)
at Pratice.First.close(First.java:15)
at Pratice.First.close(First.java:15)
at Pratice.First.close(First.java:15)
at Pratice.First.close(First.java:15)
at Pratice.First.close(First.java:15)
at Pratice.First.close(First.java:15)
at Pratice.First.close(First.java:15)
at Pratice.First.close(First.java:15)
at Pratice.First.close(First.java:15)
at Pratice.First.close(First.java:15)
at Pratice.First.close(First.java:15)
at Pratice.First.close(First.java:15)
at Pratice.First.close(First.java:15)
at Pratice.First.close(First.java:15)
at Pratice.First.close(First.java:15)
at Pratice.First.close(First.java:15)
at Pratice.First.close(First.java:15)
at Pratice.First.close(First.java:15)
at Pratice.First.close(First.java:15)
at Pratice.First.close(First.java:15)
at Pratice.First.close(First.java:15)
at Pratice.First.close(First.java:15)
at Pratice.First.close(First.java:15)
at Pratice.First.close(First.java:15)
at Pratice.First.close(First.java:15)
at Pratice.First.close(First.java:15)
at Pratice.First.close(First.java:15)
at Pratice.First.close(First.java:15)
at Pratice.First.close(First.java:15)
at Pratice.First.close(First.java:15)
at Pratice.First.close(First.java:15)
at Pratice.First.close(First.java:15)
at Pratice.First.close(First.java:15)
at Pratice.First.close(First.java:15)
at Pratice.First.close(First.java:15)
at Pratice.First.close(First.java:15)
at Pratice.First.close(First.java:15)
at Pratice.First.close(First.java:15)
at Pratice.First.close(First.java:15)
at Pratice.First.close(First.java:15)
at Pratice.First.close(First.java:15)
at Pratice.First.close(First.java:15)
at Pratice.First.close(First.java:15)
at Pratice.First.close(First.java:15)
at Pratice.First.close(First.java:15)
at Pratice.First.close(First.java:15)
at Pratice.First.close(First.java:15)
at Pratice.First.close(First.java:15)
at Pratice.First.close(First.java:15)
at Pratice.First.close(First.java:15)
at Pratice.First.close(First.java:15)
at Pratice.First.close(First.java:15)
at Pratice.First.close(First.java:15)
at Pratice.First.close(First.java:15)
at Pratice.First.close(First.java:15)
at Pratice.First.close(First.java:15)
at Pratice.First.close(First.java:15)
at Pratice.First.close(First.java:15)
at Pratice.First.close(First.java:15)
at Pratice.First.close(First.java:15)
at Pratice.First.close(First.java:15)
at Pratice.First.close(First.java:15)
at Pratice.First.close(First.java:15)
at Pratice.First.close(First.java:15)
at Pratice.First.close(First.java:15)
at Pratice.First.close(First.java:15)
at Pratice.First.close(First.java:15)
at Pratice.First.close(First.java:15)
at Pratice.First.close(First.java:15)
at Pratice.First.close(First.java:15)
at Pratice.First.close(First.java:15)
at Pratice.First.close(First.java:15)
at Pratice.First.close(First.java:15)
at Pratice.First.close(First.java:15)
at Pratice.First.close(First.java:15)
at Pratice.First.close(First.java:15)
at Pratice.First.close(First.java:15)
at Pratice.First.close(First.java:15)
at Pratice.First.close(First.java:15)
at Pratice.First.close(First.java:15)
at Pratice.First.close(First.java:15)
at Pratice.First.close(First.java:15)
at Pratice.First.close(First.java:15)
at Pratice.First.close(First.java:15)
at Pratice.First.close(First.java:15)
at Pratice.First.close(First.java:15)
at Pratice.First.close(First.java:15)
at Pratice.First.close(First.java:15)
at Pratice.First.close(First.java:15)
at Pratice.First.close(First.java:15)
at Pratice.First.close(First.java:15)
at Pratice.First.close(First.java:15)
at Pratice.First.close(First.java:15)
at Pratice.First.close(First.java:15)
at Pratice.First.close(First.java:15)
at Pratice.First.close(First.java:15)
at Pratice.First.close(First.java:15)
at Pratice.First.close(First.java:15)
at Pratice.First.close(First.java:15)
at Pratice.First.close(First.java:15)
at Pratice.First.close(First.java:15)
at Pratice.First.close(First.java:15)
at Pratice.First.close(First.java:15)
at Pratice.First.close(First.java:15)
at Pratice.First.close(First.java:15)
at Pratice.First.close(First.java:15)
at Pratice.First.close(First.java:15)
at Pratice.First.close(First.java:15)
at Pratice.First.close(First.java:15)
at Pratice.First.close(First.java:15)
at Pratice.First.close(First.java:15)
at Pratice.First.close(First.java:15)
at Pratice.First.close(First.java:15)
at Pratice.First.close(First.java:15)
at Pratice.First.close(First.java:15)
at Pratice.First.close(First.java:15)
at Pratice.First.close(First.java:15)
at Pratice.First.close(First.java:15)
at Pratice.First.close(First.java:15)
at Pratice.First.close(First.java:15)
at Pratice.First.close(First.java:15)
at Pratice.First.close(First.java:15)
at Pratice.First.close(First.java:15)
at Pratice.First.close(First.java:15)
at Pratice.First.close(First.java:15)
at Pratice.First.close(First.java:15)
at Pratice.First.close(First.java:15)
at Pratice.First.close(First.java:15)
at Pratice.First.close(First.java:15)
at Pratice.First.close(First.java:15)
at Pratice.First.close(First.java:15)
at Pratice.First.close(First.java:15)
at Pratice.First.close(First.java:15)
at Pratice.First.close(First.java:15)
at Pratice.First.close(First.java:15)
at Pratice.First.close(First.java:15)
at Pratice.First.close(First.java:15)
at Pratice.First.close(First.java:15)
at Pratice.First.close(First.java:15)
at Pratice.First.close(First.java:15)
at Pratice.First.close(First.java:15)
at Pratice.First.close(First.java:15)
at Pratice.First.close(First.java:15)
at Pratice.First.close(First.java:15)
at Pratice.First.close(First.java:15)
at Pratice.First.close(First.java:15)
at Pratice.First.close(First.java:15)
at Pratice.First.close(First.java:15)
at Pratice.First.close(First.java:15)
at Pratice.First.close(First.java:15)
at Pratice.First.close(First.java:15)
at Pratice.First.close(First.java:15)
at Pratice.First.close(First.java:15)
at Pratice.First.close(First.java:15)
at Pratice.First.close(First.java:15)
at Pratice.First.close(First.java:15)
at Pratice.First.close(First.java:15)
at Pratice.First.close(First.java:15)
at Pratice.First.close(First.java:15)
at Pratice.First.close(First.java:15)
at Pratice.First.close(First.java:15)
at Pratice.First.close(First.java:15)
at Pratice.First.close(First.java:15)
at Pratice.First.close(First.java:15)
at Pratice.First.close(First.java:15)
at Pratice.First.close(First.java:15)
at Pratice.First.close(First.java:15)
at Pratice.First.close(First.java:15)
at Pratice.First.close(First.java:15)
at Pratice.First.close(First.java:15)
at Pratice.First.close(First.java:15)
at Pratice.First.close(First.java:15)
at Pratice.First.close(First.java:15)
at Pratice.First.close(First.java:15)
at Pratice.First.close(First.java:15)
at Pratice.First.close(First.java:15)
at Pratice.First.close(First.java:15)
at Pratice.First.close(First.java:15)
at Pratice.First.close(First.java:15)
at Pratice.First.close(First.java:15)
at Pratice.First.close(First.java:15)
at Pratice.First.close(First.java:15)
at Pratice.First.close(First.java:15)
at Pratice.First.close(First.java:15)
at Pratice.First.close(First.java:15)
at Pratice.First.close(First.java:15)
]]>
    </error>
  </testcase> <!-- close -->
  <testcase name="tc1" time="2.678" classname="Pratice.First"/>
</testsuite> <!-- Pratice.First -->
