<?xml version="1.0" encoding="UTF-8"?>
<!-- Generated by org.testng.reporters.JUnitReportReporter -->
<testsuite skipped="0" hostname="LAPTOP-FGV6AHHK" name="Pratice.Group1" tests="2" failures="0" timestamp="14 Mar 2021 06:00:10 GMT" time="0.002" errors="0">
  <testcase name="tc1" time="0.001" classname="Pratice.Group1"/>
  <testcase name="tc2" time="0.001" classname="Pratice.Group1"/>
</testsuite> <!-- Pratice.Group1 -->
