<?xml version="1.0" encoding="UTF-8"?>
<!-- Generated by org.testng.reporters.JUnitReportReporter -->
<testsuite skipped="0" hostname="LAPTOP-FGV6AHHK" name="Pratice.Group2" tests="2" failures="0" timestamp="14 Mar 2021 06:00:10 GMT" time="0.008" errors="0">
  <testcase name="tc11" time="0.007" classname="Pratice.Group2"/>
  <testcase name="tc22" time="0.001" classname="Pratice.Group2"/>
</testsuite> <!-- Pratice.Group2 -->
