<?xml version="1.0" encoding="UTF-8"?>
<!-- Generated by org.testng.reporters.JUnitReportReporter -->
<testsuite skipped="0" hostname="LAPTOP-FGV6AHHK" name="Pratice.Test1" tests="3" failures="0" timestamp="13 Mar 2021 10:39:02 GMT" time="18.409" errors="0">
  <testcase name="tc1" time="2.797" classname="Pratice.Test1"/>
  <testcase name="tc1" time="9.192" classname="Pratice.Test1"/>
  <testcase name="tc1" time="6.420" classname="Pratice.Test1"/>
</testsuite> <!-- Pratice.Test1 -->
