<?xml version="1.0" encoding="UTF-8"?>
<!-- Generated by org.testng.reporters.JUnitReportReporter -->
<testsuite skipped="0" hostname="LAPTOP-FGV6AHHK" name="Pratice.Test2" tests="3" failures="0" timestamp="13 Mar 2021 04:52:56 GMT" time="0.005" errors="0">
  <testcase name="tc11" time="0.002" classname="Pratice.Test2"/>
  <testcase name="tc22" time="0.002" classname="Pratice.Test2"/>
  <testcase name="tc33" time="0.001" classname="Pratice.Test2"/>
</testsuite> <!-- Pratice.Test2 -->
